build/intermediates/manifest_merge_blame_file/release/manifest-merger-blame-release-report.txt
1<?xml version="1.0" encoding="utf-8"?>
2<manifest xmlns:android="http://schemas.android.com/apk/res/android"
3    package="com.example.dome"
4    android:versionCode="251"
5    android:versionName="3.1.4" >
6
7    <uses-sdk
8        android:minSdkVersion="19"
8-->src\main\AndroidManifest.xml
9        android:targetSdkVersion="26" />
9-->src\main\AndroidManifest.xml
10
11    <uses-permission android:name="android.permission.WRITE_SETTINGS" />
11-->src\main\AndroidManifest.xml:5:5-72
11-->src\main\AndroidManifest.xml:5:22-70
12    <uses-permission android:name="android.permission.SYSTEM_ALERT_WINDOW" />
12-->src\main\AndroidManifest.xml:6:6-79
12-->src\main\AndroidManifest.xml:6:23-76
13    <uses-permission android:name="android.permission.WRITE_EXTERNAL_STORAGE" />
13-->src\main\AndroidManifest.xml:7:5-81
13-->src\main\AndroidManifest.xml:7:22-78
14    <uses-permission android:name="android.permission.ACCESS_NETWORK_STATE" />
14-->src\main\AndroidManifest.xml:8:5-79
14-->src\main\AndroidManifest.xml:8:22-76
15    <uses-permission android:name="android.permission.ACCESS_WIFI_STATE" />
15-->src\main\AndroidManifest.xml:9:5-76
15-->src\main\AndroidManifest.xml:9:22-73
16    <uses-permission android:name="android.permission.READ_PHONE_STATE" />
16-->src\main\AndroidManifest.xml:10:5-75
16-->src\main\AndroidManifest.xml:10:22-72
17    <uses-permission android:name="android.permission.READ_SETTINGS" />
17-->src\main\AndroidManifest.xml:11:5-72
17-->src\main\AndroidManifest.xml:11:22-69
18    <uses-permission android:name="android.permission.INTERNET" />
18-->src\main\AndroidManifest.xml:12:5-67
18-->src\main\AndroidManifest.xml:12:22-64
19    <uses-permission android:name="android.permission.READ_EXTERNAL_STORAGE" />
19-->src\main\AndroidManifest.xml:13:5-80
19-->src\main\AndroidManifest.xml:13:22-77
20    <uses-permission android:name="android.permission.GET_TASKS" />
20-->src\main\AndroidManifest.xml:14:5-68
20-->src\main\AndroidManifest.xml:14:22-65
21    <uses-permission android:name="android.permission.BLUETOOTH" />
21-->src\main\AndroidManifest.xml:15:5-68
21-->src\main\AndroidManifest.xml:15:22-65
22    <uses-permission android:name="android.permission.BLUETOOTH_ADMIN" />
22-->src\main\AndroidManifest.xml:16:5-74
22-->src\main\AndroidManifest.xml:16:22-71
23    <uses-permission android:name="android.permission.ACCESS_COARSE_LOCATION" />
23-->src\main\AndroidManifest.xml:17:5-81
23-->src\main\AndroidManifest.xml:17:22-78
24    <uses-permission android:name="android.permission.CHANGE_WIFI_MULTICAST_STATE" />
24-->src\main\AndroidManifest.xml:18:5-86
24-->src\main\AndroidManifest.xml:18:22-83
25    <uses-permission android:name="android.permission.CHANGE_WIFI_STATE" />
25-->src\main\AndroidManifest.xml:19:5-76
25-->src\main\AndroidManifest.xml:19:22-73
26    <uses-permission android:name="android.permission.CHANGE_NETWORK_STATE" />
26-->src\main\AndroidManifest.xml:20:5-79
26-->src\main\AndroidManifest.xml:20:22-76
27
28    <!-- 危险权限 -->
29    <uses-permission android:name="android.permission.RECORD_AUDIO" />
29-->src\main\AndroidManifest.xml:23:5-70
29-->src\main\AndroidManifest.xml:23:22-68
30    <!-- 一般权限 -->
31    <uses-permission android:name="android.permission.MODIFY_AUDIO_SETTINGS" />
31-->src\main\AndroidManifest.xml:25:5-79
31-->src\main\AndroidManifest.xml:25:22-77
32    <uses-permission android:name="com.android.alarm.permission.SET_ALARM" />
32-->src\main\AndroidManifest.xml:26:5-78
32-->src\main\AndroidManifest.xml:26:22-75
33
34    <!-- 相机权限 -->
35    <uses-permission android:name="android.permission.CAMERA" />
35-->src\main\AndroidManifest.xml:29:5-65
35-->src\main\AndroidManifest.xml:29:22-62
36    <!-- 读文件权限 -->
37    <uses-permission android:name="android.permission.READ_EXTERNAL_STORAGE" />
37-->src\main\AndroidManifest.xml:13:5-80
37-->src\main\AndroidManifest.xml:13:22-77
38    <!-- 使用特性 -->
39    <uses-feature android:name="android.hardware.camera" />
39-->src\main\AndroidManifest.xml:33:5-60
39-->src\main\AndroidManifest.xml:33:19-57
40    <uses-feature android:name="android.hardware.camera.autofocus" />
40-->src\main\AndroidManifest.xml:34:5-70
40-->src\main\AndroidManifest.xml:34:19-67
41
42    <uses-permission android:name="android.permission.ACCESS_FINE_LOCATION" />
42-->[com.alibaba.sdk.android.openaccount:openaccount-ui-default:3.6.4] AndroidManifest.xml:21:5-79
42-->[com.alibaba.sdk.android.openaccount:openaccount-ui-default:3.6.4] AndroidManifest.xml:21:22-76
43    <uses-permission android:name="android.permission.READ_LOGS" />
43-->[com.aliyun.iot.aep.sdk:alog:0.0.5.1] AndroidManifest.xml:9:5-68
43-->[com.aliyun.iot.aep.sdk:alog:0.0.5.1] AndroidManifest.xml:9:22-65
44    <uses-permission android:name="android.permission.MOUNT_UNMOUNT_FILESYSTEMS" /> <!-- QR Code required @Start -->
44-->[com.aliyun.iot.aep.sdk:alog:0.0.5.1] AndroidManifest.xml:13:5-84
44-->[com.aliyun.iot.aep.sdk:alog:0.0.5.1] AndroidManifest.xml:13:22-81
45    <uses-permission android:name="android.permission.VIBRATE" />
45-->[com.aliyun.alink.linksdk:ilop-devicecenter-ext-boneplugin:1.5.1] AndroidManifest.xml:29:5-66
45-->[com.aliyun.alink.linksdk:ilop-devicecenter-ext-boneplugin:1.5.1] AndroidManifest.xml:29:22-63
46    <uses-permission android:name="android.permission.WAKE_LOCK" /> <!-- Required by older versions of Google Play services to create IID tokens -->
46-->[com.google.android.gms:play-services-measurement-api:16.5.0] AndroidManifest.xml:24:5-68
46-->[com.google.android.gms:play-services-measurement-api:16.5.0] AndroidManifest.xml:24:22-65
47    <uses-permission android:name="com.google.android.c2dm.permission.RECEIVE" />
47-->[com.google.firebase:firebase-iid:17.1.2] AndroidManifest.xml:26:5-82
47-->[com.google.firebase:firebase-iid:17.1.2] AndroidManifest.xml:26:22-79
48    <uses-permission android:name="com.google.android.finsky.permission.BIND_GET_INSTALL_REFERRER_SERVICE" />
48-->[com.google.android.gms:play-services-measurement:16.5.0] AndroidManifest.xml:26:5-110
48-->[com.google.android.gms:play-services-measurement:16.5.0] AndroidManifest.xml:26:22-107
49    <uses-permission android:name="android.permission.OVERRIDE_WIFI_CONFIG" />
49-->[com.aliyun.alink.linksdk:android_alink_id2:1.1.3] AndroidManifest.xml:21:5-79
49-->[com.aliyun.alink.linksdk:android_alink_id2:1.1.3] AndroidManifest.xml:21:22-76
50    <uses-permission android:name="android.permission.RESTART_PACKAGES" />
50-->[com.aliyun.ams:alicloud-android-push-iot:3.1.9] AndroidManifest.xml:19:5-75
50-->[com.aliyun.ams:alicloud-android-push-iot:3.1.9] AndroidManifest.xml:19:22-72
51    <uses-permission android:name="android.permission.GET_ACCOUNTS" />
51-->[com.aliyun.ams:alicloud-android-push-iot:3.1.9] AndroidManifest.xml:21:5-71
51-->[com.aliyun.ams:alicloud-android-push-iot:3.1.9] AndroidManifest.xml:21:22-68
52    <uses-permission android:name="android.permission.RECEIVE_BOOT_COMPLETED" />
52-->[com.aliyun.ams:alicloud-android-push-iot:3.1.9] AndroidManifest.xml:22:5-81
52-->[com.aliyun.ams:alicloud-android-push-iot:3.1.9] AndroidManifest.xml:22:22-78
53    <uses-permission android:name="android.permission.REORDER_TASKS" /> <!-- 小米通道相关权限 -->
53-->[com.aliyun.ams:alicloud-android-push-iot:3.1.9] AndroidManifest.xml:24:5-72
53-->[com.aliyun.ams:alicloud-android-push-iot:3.1.9] AndroidManifest.xml:24:22-69
54    <permission
54-->[com.aliyun.ams:alicloud-android-third-push:3.1.0] AndroidManifest.xml:17:5-19:47
55        android:name="com.example.dome.permission.MIPUSH_RECEIVE"
55-->[com.aliyun.ams:alicloud-android-third-push:3.1.0] AndroidManifest.xml:18:9-66
56        android:protectionLevel="signature" />
56-->[com.aliyun.ams:alicloud-android-third-push:3.1.0] AndroidManifest.xml:19:9-44
57    <permission
57-->[com.aliyun.ams:alicloud-android-third-push:3.1.0] AndroidManifest.xml:20:5-22:47
58        android:name="com.example.dome.permission.C2D_MESSAGE"
58-->[com.aliyun.ams:alicloud-android-third-push:3.1.0] AndroidManifest.xml:21:9-63
59        android:protectionLevel="signature" />
59-->[com.aliyun.ams:alicloud-android-third-push:3.1.0] AndroidManifest.xml:22:9-44
60
61    <uses-permission android:name="com.example.dome.permission.MIPUSH_RECEIVE" />
61-->[com.aliyun.ams:alicloud-android-third-push:3.1.0] AndroidManifest.xml:24:5-82
61-->[com.aliyun.ams:alicloud-android-third-push:3.1.0] AndroidManifest.xml:24:22-79
62    <uses-permission android:name="com.example.dome.permission.C2D_MESSAGE" />
62-->[com.aliyun.ams:alicloud-android-third-push:3.1.0] AndroidManifest.xml:28:5-79
62-->[com.aliyun.ams:alicloud-android-third-push:3.1.0] AndroidManifest.xml:28:22-76
63    <uses-permission android:name="com.coloros.mcs.permission.RECIEVE_MCS_MESSAGE" />
63-->[com.aliyun.ams:alicloud-android-third-push:3.1.0] AndroidManifest.xml:29:5-86
63-->[com.aliyun.ams:alicloud-android-third-push:3.1.0] AndroidManifest.xml:29:22-83
64    <uses-permission android:name="com.heytap.mcs.permission.RECIEVE_MCS_MESSAGE" /> <!-- 兼容flyme5.0以下版本，魅族内部集成pushSDK必填，不然无法收到消息 -->
64-->[com.aliyun.ams:alicloud-android-third-push:3.1.0] AndroidManifest.xml:30:5-85
64-->[com.aliyun.ams:alicloud-android-third-push:3.1.0] AndroidManifest.xml:30:22-82
65    <uses-permission android:name="com.meizu.flyme.push.permission.RECEIVE" />
65-->[com.aliyun.ams:alicloud-android-third-push:3.1.0] AndroidManifest.xml:33:5-79
65-->[com.aliyun.ams:alicloud-android-third-push:3.1.0] AndroidManifest.xml:33:22-76
66
67    <permission
67-->[com.aliyun.ams:alicloud-android-third-push:3.1.0] AndroidManifest.xml:35:5-37:47
68        android:name="com.example.dome.push.permission.MESSAGE"
68-->[com.aliyun.ams:alicloud-android-third-push:3.1.0] AndroidManifest.xml:36:9-64
69        android:protectionLevel="signature" />
69-->[com.aliyun.ams:alicloud-android-third-push:3.1.0] AndroidManifest.xml:37:9-44
70
71    <uses-permission android:name="com.example.dome.push.permission.MESSAGE" /> <!-- 兼容flyme3.0配置权限 -->
71-->[com.aliyun.ams:alicloud-android-third-push:3.1.0] AndroidManifest.xml:39:5-80
71-->[com.aliyun.ams:alicloud-android-third-push:3.1.0] AndroidManifest.xml:39:22-77
72    <uses-permission android:name="com.meizu.c2dm.permission.RECEIVE" />
72-->[com.aliyun.ams:alicloud-android-third-push:3.1.0] AndroidManifest.xml:42:5-73
72-->[com.aliyun.ams:alicloud-android-third-push:3.1.0] AndroidManifest.xml:42:22-70
73    <uses-permission android:name="android.permission.FLASHLIGHT" />
73-->[com.aliyun.iot.aep.sdk:scan:0.0.1.2] AndroidManifest.xml:9:5-69
73-->[com.aliyun.iot.aep.sdk:scan:0.0.1.2] AndroidManifest.xml:9:22-66
74
75    <application
75-->src\main\AndroidManifest.xml:37:5-416:19
76        android:name="com.aliyun.iot.ilop.demo.DemoApplication"
76-->src\main\AndroidManifest.xml:39:9-64
77        android:allowBackup="false"
77-->src\main\AndroidManifest.xml:40:9-36
78        android:appComponentFactory="android.support.v4.app.CoreComponentFactory"
78-->src\main\AndroidManifest.xml:41:9-82
79        android:icon="@drawable/config_app_icon"
79-->src\main\AndroidManifest.xml:42:9-49
80        android:label="@string/config_app_name"
80-->src\main\AndroidManifest.xml:43:9-48
81        android:roundIcon="@drawable/config_app_icon_round"
81-->src\main\AndroidManifest.xml:44:9-60
82        android:supportsRtl="true"
82-->[com.aliyun.alink.linksdk:breeze-ota:1.2.2] AndroidManifest.xml:13:9-35
83        android:theme="@style/AppTheme" >
83-->src\main\AndroidManifest.xml:45:9-40
84        <activity android:name="com.aliyun.iot.ilop.demo.kaiguan.activity.PersonageActivity" />
84-->src\main\AndroidManifest.xml:49:9-95
84-->src\main\AndroidManifest.xml:49:19-93
85        <activity android:name="com.aliyun.iot.ilop.demo.kaiguan.activity.SceneListActivity" />
85-->src\main\AndroidManifest.xml:50:9-96
85-->src\main\AndroidManifest.xml:50:19-93
86        <activity android:name="com.aliyun.iot.ilop.demo.kaiguan.activity.TroubleDetailsActivity" />
86-->src\main\AndroidManifest.xml:51:9-101
86-->src\main\AndroidManifest.xml:51:19-98
87        <activity android:name="com.aliyun.iot.ilop.demo.kaiguan.activity.FacilityDetailsActivity" />
87-->src\main\AndroidManifest.xml:52:9-102
87-->src\main\AndroidManifest.xml:52:19-99
88        <activity android:name="com.aliyun.iot.ilop.demo.kaiguan.activity.SceneDetailsActivity" />
88-->src\main\AndroidManifest.xml:53:9-99
88-->src\main\AndroidManifest.xml:53:19-96
89        <activity android:name="com.aliyun.iot.ilop.demo.kaiguan.activity.TimingListActivity" />
89-->src\main\AndroidManifest.xml:54:9-97
89-->src\main\AndroidManifest.xml:54:19-94
90        <activity android:name="com.aliyun.iot.ilop.demo.kaiguan.activity.TimingDetailsActivity" />
90-->src\main\AndroidManifest.xml:55:9-100
90-->src\main\AndroidManifest.xml:55:19-97
91        <activity android:name="com.aliyun.iot.ilop.demo.kaiguan.activity.AddFacilityActivity" />
91-->src\main\AndroidManifest.xml:56:9-98
91-->src\main\AndroidManifest.xml:56:19-95
92        <activity android:name="com.aliyun.iot.ilop.demo.kaiguan.activity.AddSceneActivity" />
92-->src\main\AndroidManifest.xml:57:9-95
92-->src\main\AndroidManifest.xml:57:19-92
93        <activity android:name="com.aliyun.iot.ilop.demo.kaiguan.activity.StingActivity" />
93-->src\main\AndroidManifest.xml:58:9-92
93-->src\main\AndroidManifest.xml:58:19-89
94        <activity android:name="com.aliyun.iot.ilop.demo.kaiguan.activity.NiChengActivity" />
94-->src\main\AndroidManifest.xml:59:9-93
94-->src\main\AndroidManifest.xml:59:19-91
95        <activity android:name="com.aliyun.iot.ilop.demo.kaiguan.utils.PermissionsActivity" />
95-->src\main\AndroidManifest.xml:60:9-94
95-->src\main\AndroidManifest.xml:60:19-92
96        <activity android:name="com.aliyun.iot.ilop.demo.kaiguan.activity.WiFiActivity" />
96-->src\main\AndroidManifest.xml:61:9-90
96-->src\main\AndroidManifest.xml:61:19-88
97        <activity android:name="com.aliyun.iot.ilop.demo.kaiguan.activity.DataGliActivity" />
97-->src\main\AndroidManifest.xml:62:9-93
97-->src\main\AndroidManifest.xml:62:19-91
98        <activity android:name="com.aliyun.iot.ilop.demo.kaiguan.activity.AboutActivity" />
98-->src\main\AndroidManifest.xml:63:9-91
98-->src\main\AndroidManifest.xml:63:19-89
99
100        <!-- 对扫码页面进行声明 -->
101        <activity
101-->src\main\AndroidManifest.xml:66:9-78
102            android:name="com.huawei.hms.hmsscankit.ScanKitActivity"
102-->src\main\AndroidManifest.xml:66:19-75
103            android:screenOrientation="portrait" />
103-->[com.huawei.hms:scanplus:1.1.1.301] AndroidManifest.xml:27:13-49
104        <activity
104-->src\main\AndroidManifest.xml:68:9-71:52
105            android:name="com.aliyun.iot.ilop.demo.page.share.ShareActivity"
105-->src\main\AndroidManifest.xml:69:13-77
106            android:exported="false"
106-->src\main\AndroidManifest.xml:70:13-37
107            android:screenOrientation="portrait" />
107-->src\main\AndroidManifest.xml:71:13-49
108        <activity
108-->src\main\AndroidManifest.xml:73:9-76:52
109            android:name="com.aliyun.iot.ilop.demo.page.language.LanguageSettingActivity"
109-->src\main\AndroidManifest.xml:74:13-90
110            android:exported="false"
110-->src\main\AndroidManifest.xml:75:13-37
111            android:screenOrientation="portrait" />
111-->src\main\AndroidManifest.xml:76:13-49
112
113        <meta-data
113-->src\main\AndroidManifest.xml:78:9-80:35
114            android:name="android.max_aspect"
114-->src\main\AndroidManifest.xml:79:13-46
115            android:value="2.5" />
115-->src\main\AndroidManifest.xml:80:13-32
116
117        <activity
117-->src\main\AndroidManifest.xml:82:9-90:20
118            android:name="com.aliyun.iot.ilop.demo.page.main.StartActivity"
118-->src\main\AndroidManifest.xml:83:13-76
119            android:theme="@style/AppStartTheme" >
119-->src\main\AndroidManifest.xml:84:13-49
120            <intent-filter>
120-->src\main\AndroidManifest.xml:85:13-89:29
121                <action android:name="android.intent.action.MAIN" />
121-->src\main\AndroidManifest.xml:86:17-69
121-->src\main\AndroidManifest.xml:86:25-66
122
123                <category android:name="android.intent.category.LAUNCHER" />
123-->src\main\AndroidManifest.xml:88:17-77
123-->src\main\AndroidManifest.xml:88:27-74
124            </intent-filter>
125        </activity>
126        <activity
126-->src\main\AndroidManifest.xml:91:9-94:51
127            android:name="com.aliyun.iot.ilop.demo.page.debug.EnvironmentActivity"
127-->src\main\AndroidManifest.xml:92:13-83
128            android:exported="false"
128-->src\main\AndroidManifest.xml:93:13-37
129            android:theme="@style/dialog_style" />
129-->src\main\AndroidManifest.xml:94:13-48
130        <activity
130-->src\main\AndroidManifest.xml:95:9-110:20
131            android:name="com.aliyun.iot.ilop.startpage.list.main.countryselect.CountryListActivity"
131-->src\main\AndroidManifest.xml:96:13-101
132            android:exported="false"
132-->src\main\AndroidManifest.xml:97:13-37
133            android:screenOrientation="portrait" >
133-->src\main\AndroidManifest.xml:98:13-49
134            <intent-filter>
134-->src\main\AndroidManifest.xml:99:13-109:29
135                <action android:name="com.aliyun.iot.aep.demo.action.navigation" />
135-->src\main\AndroidManifest.xml:100:17-84
135-->src\main\AndroidManifest.xml:100:25-81
136
137                <category android:name="android.intent.category.DEFAULT" />
137-->src\main\AndroidManifest.xml:102:17-76
137-->src\main\AndroidManifest.xml:102:27-73
138
139                <data android:scheme="http" />
139-->src\main\AndroidManifest.xml:104:17-47
139-->src\main\AndroidManifest.xml:104:23-44
140                <data android:scheme="https" />
140-->src\main\AndroidManifest.xml:104:17-47
140-->src\main\AndroidManifest.xml:104:23-44
141                <data
141-->src\main\AndroidManifest.xml:104:17-47
142                    android:host="aliyun.iot.aep.demo"
142-->src\main\AndroidManifest.xml:107:21-55
143                    android:path="/page/country/select" />
143-->src\main\AndroidManifest.xml:108:21-56
144            </intent-filter>
145        </activity>
146        <activity
146-->src\main\AndroidManifest.xml:111:9-115:63
147            android:name="com.aliyun.iot.aep.oa.page.OAMobileCountrySelectorActivity"
147-->src\main\AndroidManifest.xml:112:13-86
148            android:configChanges="orientation|screenSize|keyboardHidden|layoutDirection|keyboard"
148-->src\main\AndroidManifest.xml:113:13-99
149            android:screenOrientation="portrait"
149-->src\main\AndroidManifest.xml:114:13-49
150            android:windowSoftInputMode="adjustUnspecified" /> <!-- Ilop首页.begin -->
150-->src\main\AndroidManifest.xml:115:13-60
151        <activity
151-->src\main\AndroidManifest.xml:116:9-131:20
152            android:name="com.aliyun.iot.ilop.demo.page.ilopmain.MainActivity"
152-->src\main\AndroidManifest.xml:117:13-79
153            android:launchMode="singleTask"
153-->src\main\AndroidManifest.xml:118:13-44
154            android:screenOrientation="portrait" >
154-->src\main\AndroidManifest.xml:119:13-49
155            <intent-filter>
155-->src\main\AndroidManifest.xml:120:13-130:29
156                <action android:name="com.aliyun.iot.aep.demo.action.navigation" />
156-->src\main\AndroidManifest.xml:100:17-84
156-->src\main\AndroidManifest.xml:100:25-81
157
158                <category android:name="android.intent.category.DEFAULT" />
158-->src\main\AndroidManifest.xml:102:17-76
158-->src\main\AndroidManifest.xml:102:27-73
159
160                <data android:scheme="http" />
160-->src\main\AndroidManifest.xml:104:17-47
160-->src\main\AndroidManifest.xml:104:23-44
161                <data android:scheme="https" />
161-->src\main\AndroidManifest.xml:104:17-47
161-->src\main\AndroidManifest.xml:104:23-44
162                <data
162-->src\main\AndroidManifest.xml:104:17-47
163                    android:host="aliyun.iot.aep.demo"
163-->src\main\AndroidManifest.xml:107:21-55
164                    android:path="/page/ilopmain" />
164-->src\main\AndroidManifest.xml:108:21-56
165            </intent-filter>
166        </activity> <!-- Ilop首页.end -->
167        <!-- Ilop添加设备.begin -->
168        <activity
168-->src\main\AndroidManifest.xml:133:9-148:20
169            android:name="com.aliyun.iot.ilop.demo.page.device.adddevice.AddDeviceActivity"
169-->src\main\AndroidManifest.xml:134:13-92
170            android:exported="false"
170-->src\main\AndroidManifest.xml:135:13-37
171            android:screenOrientation="portrait" >
171-->src\main\AndroidManifest.xml:136:13-49
172            <intent-filter>
172-->src\main\AndroidManifest.xml:137:13-147:29
173                <action android:name="com.aliyun.iot.aep.demo.action.navigation" />
173-->src\main\AndroidManifest.xml:100:17-84
173-->src\main\AndroidManifest.xml:100:25-81
174
175                <category android:name="android.intent.category.DEFAULT" />
175-->src\main\AndroidManifest.xml:102:17-76
175-->src\main\AndroidManifest.xml:102:27-73
176
177                <data android:scheme="http" />
177-->src\main\AndroidManifest.xml:104:17-47
177-->src\main\AndroidManifest.xml:104:23-44
178                <data android:scheme="https" />
178-->src\main\AndroidManifest.xml:104:17-47
178-->src\main\AndroidManifest.xml:104:23-44
179                <data
179-->src\main\AndroidManifest.xml:104:17-47
180                    android:host="aliyun.iot.aep.demo"
180-->src\main\AndroidManifest.xml:107:21-55
181                    android:path="/page/ilopadddevice" />
181-->src\main\AndroidManifest.xml:108:21-56
182            </intent-filter>
183        </activity>
184        <activity
184-->src\main\AndroidManifest.xml:149:9-164:20
185            android:name="com.aliyun.iot.ilop.demo.page.device.adddevice.BluetoothAddActivity"
185-->src\main\AndroidManifest.xml:150:13-95
186            android:exported="false"
186-->src\main\AndroidManifest.xml:151:13-37
187            android:screenOrientation="portrait" >
187-->src\main\AndroidManifest.xml:152:13-49
188            <intent-filter>
188-->src\main\AndroidManifest.xml:153:13-163:29
189                <action android:name="com.aliyun.iot.aep.demo.action.navigation" />
189-->src\main\AndroidManifest.xml:100:17-84
189-->src\main\AndroidManifest.xml:100:25-81
190
191                <category android:name="android.intent.category.DEFAULT" />
191-->src\main\AndroidManifest.xml:102:17-76
191-->src\main\AndroidManifest.xml:102:27-73
192
193                <data android:scheme="http" />
193-->src\main\AndroidManifest.xml:104:17-47
193-->src\main\AndroidManifest.xml:104:23-44
194                <data android:scheme="https" />
194-->src\main\AndroidManifest.xml:104:17-47
194-->src\main\AndroidManifest.xml:104:23-44
195                <data
195-->src\main\AndroidManifest.xml:104:17-47
196                    android:host="aliyun.iot.aep.demo"
196-->src\main\AndroidManifest.xml:107:21-55
197                    android:path="/page/ilopadddevice/bluetooth" />
197-->src\main\AndroidManifest.xml:108:21-56
198            </intent-filter>
199        </activity> <!-- Ilop添加设备.end -->
200        <!-- Ilop绑定设备.begin -->
201        <activity
201-->src\main\AndroidManifest.xml:166:9-182:20
202            android:name="com.aliyun.iot.ilop.demo.page.device.bind.BindAndUseActivity"
202-->src\main\AndroidManifest.xml:167:13-88
203            android:exported="false"
203-->src\main\AndroidManifest.xml:168:13-37
204            android:launchMode="singleTask"
204-->src\main\AndroidManifest.xml:169:13-44
205            android:screenOrientation="portrait" >
205-->src\main\AndroidManifest.xml:170:13-49
206            <intent-filter android:priority="-1" >
206-->src\main\AndroidManifest.xml:171:13-181:29
206-->src\main\AndroidManifest.xml:171:28-49
207                <action android:name="com.aliyun.iot.aep.demo.action.navigation" />
207-->src\main\AndroidManifest.xml:100:17-84
207-->src\main\AndroidManifest.xml:100:25-81
208
209                <category android:name="android.intent.category.DEFAULT" />
209-->src\main\AndroidManifest.xml:102:17-76
209-->src\main\AndroidManifest.xml:102:27-73
210
211                <data android:scheme="http" />
211-->src\main\AndroidManifest.xml:104:17-47
211-->src\main\AndroidManifest.xml:104:23-44
212                <data android:scheme="https" />
212-->src\main\AndroidManifest.xml:104:17-47
212-->src\main\AndroidManifest.xml:104:23-44
213                <data
213-->src\main\AndroidManifest.xml:104:17-47
214                    android:host="aliyun.iot.aep.demo"
214-->src\main\AndroidManifest.xml:107:21-55
215                    android:path="/page/ilopbinddevice" />
215-->src\main\AndroidManifest.xml:108:21-56
216            </intent-filter>
217        </activity> <!-- Ilop绑定设备.end -->
218        <!-- 关于.begin -->
219        <activity
219-->src\main\AndroidManifest.xml:184:9-199:20
220            android:name="com.aliyun.iot.ilop.demo.page.about.AboutActivity"
220-->src\main\AndroidManifest.xml:185:13-77
221            android:exported="false"
221-->src\main\AndroidManifest.xml:186:13-37
222            android:screenOrientation="portrait" >
222-->src\main\AndroidManifest.xml:187:13-49
223            <intent-filter android:priority="-1" >
223-->src\main\AndroidManifest.xml:188:13-198:29
223-->src\main\AndroidManifest.xml:188:28-49
224                <action android:name="com.aliyun.iot.aep.demo.action.navigation" />
224-->src\main\AndroidManifest.xml:100:17-84
224-->src\main\AndroidManifest.xml:100:25-81
225
226                <category android:name="android.intent.category.DEFAULT" />
226-->src\main\AndroidManifest.xml:102:17-76
226-->src\main\AndroidManifest.xml:102:27-73
227
228                <data android:scheme="http" />
228-->src\main\AndroidManifest.xml:104:17-47
228-->src\main\AndroidManifest.xml:104:23-44
229                <data android:scheme="https" />
229-->src\main\AndroidManifest.xml:104:17-47
229-->src\main\AndroidManifest.xml:104:23-44
230                <data
230-->src\main\AndroidManifest.xml:104:17-47
231                    android:host="aliyun.iot.aep.demo"
231-->src\main\AndroidManifest.xml:107:21-55
232                    android:path="/page/about" />
232-->src\main\AndroidManifest.xml:108:21-56
233            </intent-filter>
234        </activity>
235        <activity
235-->src\main\AndroidManifest.xml:200:9-203:52
236            android:name="com.aliyun.iot.ilop.demo.page.about.CopyrightActivity"
236-->src\main\AndroidManifest.xml:201:13-81
237            android:exported="false"
237-->src\main\AndroidManifest.xml:202:13-37
238            android:screenOrientation="portrait" /> <!-- 关于.end -->
238-->src\main\AndroidManifest.xml:203:13-49
239        <!-- 登录.begin -->
240        <activity
240-->src\main\AndroidManifest.xml:205:9-220:20
241            android:name="com.aliyun.iot.ilop.demo.page.account.AccountActivity"
241-->src\main\AndroidManifest.xml:206:13-81
242            android:exported="false"
242-->src\main\AndroidManifest.xml:207:13-37
243            android:screenOrientation="portrait" >
243-->src\main\AndroidManifest.xml:208:13-49
244            <intent-filter android:priority="-1" >
244-->src\main\AndroidManifest.xml:209:13-219:29
244-->src\main\AndroidManifest.xml:209:28-49
245                <action android:name="com.aliyun.iot.aep.demo.action.navigation" />
245-->src\main\AndroidManifest.xml:100:17-84
245-->src\main\AndroidManifest.xml:100:25-81
246
247                <category android:name="android.intent.category.DEFAULT" />
247-->src\main\AndroidManifest.xml:102:17-76
247-->src\main\AndroidManifest.xml:102:27-73
248
249                <data android:scheme="http" />
249-->src\main\AndroidManifest.xml:104:17-47
249-->src\main\AndroidManifest.xml:104:23-44
250                <data android:scheme="https" />
250-->src\main\AndroidManifest.xml:104:17-47
250-->src\main\AndroidManifest.xml:104:23-44
251                <data
251-->src\main\AndroidManifest.xml:104:17-47
252                    android:host="aliyun.iot.aep.demo"
252-->src\main\AndroidManifest.xml:107:21-55
253                    android:path="/page/login" />
253-->src\main\AndroidManifest.xml:108:21-56
254            </intent-filter>
255        </activity> <!-- 登录.end -->
256        <!-- API client.begin -->
257        <activity
257-->src\main\AndroidManifest.xml:222:9-239:20
258            android:name="com.aliyun.iot.ilop.demo.page.apiclient.APIClientDemoActivity"
258-->src\main\AndroidManifest.xml:223:13-89
259            android:exported="false"
259-->src\main\AndroidManifest.xml:224:13-37
260            android:label="@string/api_client_demo_title"
260-->src\main\AndroidManifest.xml:225:13-58
261            android:screenOrientation="portrait"
261-->src\main\AndroidManifest.xml:226:13-49
262            android:windowSoftInputMode="adjustUnspecified|stateHidden" >
262-->src\main\AndroidManifest.xml:227:13-72
263            <intent-filter android:priority="-1" >
263-->src\main\AndroidManifest.xml:228:13-238:29
263-->src\main\AndroidManifest.xml:228:28-49
264                <action android:name="com.aliyun.iot.aep.demo.action.navigation" />
264-->src\main\AndroidManifest.xml:100:17-84
264-->src\main\AndroidManifest.xml:100:25-81
265
266                <category android:name="android.intent.category.DEFAULT" />
266-->src\main\AndroidManifest.xml:102:17-76
266-->src\main\AndroidManifest.xml:102:27-73
267
268                <data android:scheme="http" />
268-->src\main\AndroidManifest.xml:104:17-47
268-->src\main\AndroidManifest.xml:104:23-44
269                <data android:scheme="https" />
269-->src\main\AndroidManifest.xml:104:17-47
269-->src\main\AndroidManifest.xml:104:23-44
270                <data
270-->src\main\AndroidManifest.xml:104:17-47
271                    android:host="aliyun.iot.aep.demo"
271-->src\main\AndroidManifest.xml:107:21-55
272                    android:path="/page/apiClient" />
272-->src\main\AndroidManifest.xml:108:21-56
273            </intent-filter>
274        </activity>
275        <activity